2026-02-09T18:13:25.929966Z  INFO tailwindcss_oxide::scanner: Provided sources:
2026-02-09T18:13:25.930019Z  INFO tailwindcss_oxide::scanner: Source: PublicSourceEntry { base: "/root/dev/projects/realm.shalohm.co", pattern: "**/*", negated: false }
2026-02-09T18:13:25.930089Z  INFO tailwindcss_oxide::scanner: Optimized sources:
2026-02-09T18:13:25.930093Z  INFO tailwindcss_oxide::scanner: Source: Auto { base: "/root/dev/projects/realm.shalohm.co" }
2026-02-09T18:13:25.932534Z  INFO scan_sources: tailwindcss_oxide::scanner: enter
2026-02-09T18:13:25.933055Z  INFO scan_sources: tailwindcss_oxide::scanner: Discovering "/root/dev/projects/realm.shalohm.co/SECURITY.md"
2026-02-09T18:13:25.933084Z  INFO scan_sources: tailwindcss_oxide::scanner: Discovering "/root/dev/projects/realm.shalohm.co/app"
2026-02-09T18:13:25.933132Z  INFO scan_sources: tailwindcss_oxide::scanner: Discovering "/root/dev/projects/realm.shalohm.co/app/globals.css"
2026-02-09T18:13:25.933155Z  INFO scan_sources: tailwindcss_oxide::scanner: Discovering "/root/dev/projects/realm.shalohm.co/app/api"
2026-02-09T18:13:25.933218Z  INFO scan_sources: tailwindcss_oxide::scanner: Discovering "/root/dev/projects/realm.shalohm.co/app/api/agents"
2026-02-09T18:13:25.933265Z  INFO scan_sources: tailwindcss_oxide::scanner: Discovering "/root/dev/projects/realm.shalohm.co/app/api/agents/join"
2026-02-09T18:13:25.933307Z  INFO scan_sources: tailwindcss_oxide::scanner: Discovering "/root/dev/projects/realm.shalohm.co/app/api/agents/join/route.ts"
2026-02-09T18:13:25.933337Z  INFO scan_sources: tailwindcss_oxide::scanner: Discovering "/root/dev/projects/realm.shalohm.co/app/api/agent"
2026-02-09T18:13:25.933377Z  INFO scan_sources: tailwindcss_oxide::scanner: Discovering "/root/dev/projects/realm.shalohm.co/app/api/agent/webhook"
2026-02-09T18:13:25.933415Z  INFO scan_sources: tailwindcss_oxide::scanner: Discovering "/root/dev/projects/realm.shalohm.co/app/api/agent/webhook/route.ts"
2026-02-09T18:13:25.933442Z  INFO scan_sources: tailwindcss_oxide::scanner: Discovering "/root/dev/projects/realm.shalohm.co/app/api/world"
2026-02-09T18:13:25.933481Z  INFO scan_sources: tailwindcss_oxide::scanner: Discovering "/root/dev/projects/realm.shalohm.co/app/api/world/state"
2026-02-09T18:13:25.933517Z  INFO scan_sources: tailwindcss_oxide::scanner: Discovering "/root/dev/projects/realm.shalohm.co/app/api/world/state/route.ts"
2026-02-09T18:13:25.933546Z  INFO scan_sources: tailwindcss_oxide::scanner: Discovering "/root/dev/projects/realm.shalohm.co/app/world"
2026-02-09T18:13:25.933583Z  INFO scan_sources: tailwindcss_oxide::scanner: Discovering "/root/dev/projects/realm.shalohm.co/app/world/page.tsx"
2026-02-09T18:13:25.933604Z  INFO scan_sources: tailwindcss_oxide::scanner: Discovering "/root/dev/projects/realm.shalohm.co/app/layout.tsx"
2026-02-09T18:13:25.933625Z  INFO scan_sources: tailwindcss_oxide::scanner: Discovering "/root/dev/projects/realm.shalohm.co/app/village"
2026-02-09T18:13:25.933660Z  INFO scan_sources: tailwindcss_oxide::scanner: Discovering "/root/dev/projects/realm.shalohm.co/app/village/layout.tsx"
2026-02-09T18:13:25.933675Z  INFO scan_sources: tailwindcss_oxide::scanner: Discovering "/root/dev/projects/realm.shalohm.co/app/village/page.tsx"
2026-02-09T18:13:25.933700Z  INFO scan_sources: tailwindcss_oxide::scanner: Discovering "/root/dev/projects/realm.shalohm.co/app/page.tsx"
2026-02-09T18:13:25.933722Z  INFO scan_sources: tailwindcss_oxide::scanner: Discovering "/root/dev/projects/realm.shalohm.co/eslint.config.mjs"
2026-02-09T18:13:25.933737Z  INFO scan_sources: tailwindcss_oxide::scanner: Discovering "/root/dev/projects/realm.shalohm.co/README.md"
2026-02-09T18:13:25.933755Z  INFO scan_sources: tailwindcss_oxide::scanner: Discovering "/root/dev/projects/realm.shalohm.co/vercel.json"
2026-02-09T18:13:25.933781Z  INFO scan_sources: tailwindcss_oxide::scanner: Discovering "/root/dev/projects/realm.shalohm.co/public"
2026-02-09T18:13:25.933818Z  INFO scan_sources: tailwindcss_oxide::scanner: Discovering "/root/dev/projects/realm.shalohm.co/public/next.svg"
2026-02-09T18:13:25.933835Z  INFO scan_sources: tailwindcss_oxide::scanner: Discovering "/root/dev/projects/realm.shalohm.co/public/globe.svg"
2026-02-09T18:13:25.933868Z  INFO scan_sources: tailwindcss_oxide::scanner: Discovering "/root/dev/projects/realm.shalohm.co/public/vercel.svg"
2026-02-09T18:13:25.933883Z  INFO scan_sources: tailwindcss_oxide::scanner: Discovering "/root/dev/projects/realm.shalohm.co/public/file.svg"
2026-02-09T18:13:25.933899Z  INFO scan_sources: tailwindcss_oxide::scanner: Discovering "/root/dev/projects/realm.shalohm.co/public/window.svg"
2026-02-09T18:13:25.933917Z  INFO scan_sources: tailwindcss_oxide::scanner: Discovering "/root/dev/projects/realm.shalohm.co/next.config.ts"
2026-02-09T18:13:25.933932Z  INFO scan_sources: tailwindcss_oxide::scanner: Discovering "/root/dev/projects/realm.shalohm.co/postcss.config.mjs"
2026-02-09T18:13:25.933950Z  INFO scan_sources: tailwindcss_oxide::scanner: Discovering "/root/dev/projects/realm.shalohm.co/lib"
2026-02-09T18:13:25.933990Z  INFO scan_sources: tailwindcss_oxide::scanner: Discovering "/root/dev/projects/realm.shalohm.co/lib/agents"
2026-02-09T18:13:25.934030Z  INFO scan_sources: tailwindcss_oxide::scanner: Discovering "/root/dev/projects/realm.shalohm.co/lib/store"
2026-02-09T18:13:25.934064Z  INFO scan_sources: tailwindcss_oxide::scanner: Discovering "/root/dev/projects/realm.shalohm.co/lib/store/villageStore.ts"
2026-02-09T18:13:25.934086Z  INFO scan_sources: tailwindcss_oxide::scanner: Discovering "/root/dev/projects/realm.shalohm.co/lib/world"
2026-02-09T18:13:25.934118Z  INFO scan_sources: tailwindcss_oxide::scanner: Discovering "/root/dev/projects/realm.shalohm.co/lib/world/store.ts"
2026-02-09T18:13:25.934140Z  INFO scan_sources: tailwindcss_oxide::scanner: Discovering "/root/dev/projects/realm.shalohm.co/lib/village"
2026-02-09T18:13:25.934176Z  INFO scan_sources: tailwindcss_oxide::scanner: Discovering "/root/dev/projects/realm.shalohm.co/lib/village/agent-reporter-ext.ts"
2026-02-09T18:13:25.934210Z  INFO scan_sources: tailwindcss_oxide::scanner: Discovering "/root/dev/projects/realm.shalohm.co/lib/village/social.ts"
2026-02-09T18:13:25.934231Z  INFO scan_sources: tailwindcss_oxide::scanner: Discovering "/root/dev/projects/realm.shalohm.co/lib/village/index.ts"
2026-02-09T18:13:25.934248Z  INFO scan_sources: tailwindcss_oxide::scanner: Discovering "/root/dev/projects/realm.shalohm.co/lib/village/buildings.ts"
2026-02-09T18:13:25.934263Z  INFO scan_sources: tailwindcss_oxide::scanner: Discovering "/root/dev/projects/realm.shalohm.co/lib/village/schedules.ts"
2026-02-09T18:13:25.934279Z  INFO scan_sources: tailwindcss_oxide::scanner: Discovering "/root/dev/projects/realm.shalohm.co/lib/village/pathfinding.ts"
2026-02-09T18:13:25.934303Z  INFO scan_sources: tailwindcss_oxide::scanner: Discovering "/root/dev/projects/realm.shalohm.co/lib/security"
2026-02-09T18:13:25.934345Z  INFO scan_sources: tailwindcss_oxide::scanner: Discovering "/root/dev/projects/realm.shalohm.co/lib/security/rateLimit.ts"
2026-02-09T18:13:25.934367Z  INFO scan_sources: tailwindcss_oxide::scanner: Discovering "/root/dev/projects/realm.shalohm.co/lib/security/auth.ts"
2026-02-09T18:13:25.934389Z  INFO scan_sources: tailwindcss_oxide::scanner: Discovering "/root/dev/projects/realm.shalohm.co/lib/security/validation.ts"
2026-02-09T18:13:25.934423Z  INFO scan_sources: tailwindcss_oxide::scanner: Discovering "/root/dev/projects/realm.shalohm.co/lib/admin"
2026-02-09T18:13:25.934474Z  INFO scan_sources: tailwindcss_oxide::scanner: Discovering "/root/dev/projects/realm.shalohm.co/lib/admin/interventions.ts"
2026-02-09T18:13:25.934498Z  INFO scan_sources: tailwindcss_oxide::scanner: Discovering "/root/dev/projects/realm.shalohm.co/lib/admin/index.ts"
2026-02-09T18:13:25.934553Z  INFO scan_sources: tailwindcss_oxide::scanner: Discovering "/root/dev/projects/realm.shalohm.co/components"
2026-02-09T18:13:25.934594Z  INFO scan_sources: tailwindcss_oxide::scanner: Discovering "/root/dev/projects/realm.shalohm.co/components/ui"
2026-02-09T18:13:25.934631Z  INFO scan_sources: tailwindcss_oxide::scanner: Discovering "/root/dev/projects/realm.shalohm.co/components/ui/AdminPanel.tsx"
2026-02-09T18:13:25.934654Z  INFO scan_sources: tailwindcss_oxide::scanner: Discovering "/root/dev/projects/realm.shalohm.co/components/ui/ChatBubbles.tsx"
2026-02-09T18:13:25.934670Z  INFO scan_sources: tailwindcss_oxide::scanner: Discovering "/root/dev/projects/realm.shalohm.co/components/ui/index.ts"
2026-02-09T18:13:25.934685Z  INFO scan_sources: tailwindcss_oxide::scanner: Discovering "/root/dev/projects/realm.shalohm.co/components/ui/AgentModal.tsx"
2026-02-09T18:13:25.934699Z  INFO scan_sources: tailwindcss_oxide::scanner: Discovering "/root/dev/projects/realm.shalohm.co/components/ui/WorldUI.tsx"
2026-02-09T18:13:25.934723Z  INFO scan_sources: tailwindcss_oxide::scanner: Discovering "/root/dev/projects/realm.shalohm.co/components/agents"
2026-02-09T18:13:25.934758Z  INFO scan_sources: tailwindcss_oxide::scanner: Discovering "/root/dev/projects/realm.shalohm.co/components/agents/VillageAgent.tsx"
2026-02-09T18:13:25.934773Z  INFO scan_sources: tailwindcss_oxide::scanner: Discovering "/root/dev/projects/realm.shalohm.co/components/agents/SlimeBlob.tsx"
2026-02-09T18:13:25.934789Z  INFO scan_sources: tailwindcss_oxide::scanner: Discovering "/root/dev/projects/realm.shalohm.co/components/agents/KoboldAvatar.tsx"
2026-02-09T18:13:25.934804Z  INFO scan_sources: tailwindcss_oxide::scanner: Discovering "/root/dev/projects/realm.shalohm.co/components/agents/DragonAvatar.tsx"
2026-02-09T18:13:25.934827Z  INFO scan_sources: tailwindcss_oxide::scanner: Discovering "/root/dev/projects/realm.shalohm.co/components/village"
2026-02-09T18:13:25.934860Z  INFO scan_sources: tailwindcss_oxide::scanner: Discovering "/root/dev/projects/realm.shalohm.co/components/village/Building3D.tsx"
2026-02-09T18:13:25.934876Z  INFO scan_sources: tailwindcss_oxide::scanner: Discovering "/root/dev/projects/realm.shalohm.co/components/village/index.ts"
2026-02-09T18:13:25.934891Z  INFO scan_sources: tailwindcss_oxide::scanner: Discovering "/root/dev/projects/realm.shalohm.co/components/village/VillageWorld.tsx"
2026-02-09T18:13:25.934913Z  INFO scan_sources: tailwindcss_oxide::scanner: Discovering "/root/dev/projects/realm.shalohm.co/components/realm"
2026-02-09T18:13:25.934973Z  INFO scan_sources: tailwindcss_oxide::scanner: Discovering "/root/dev/projects/realm.shalohm.co/components/realm/WorldCanvas.tsx"
2026-02-09T18:13:25.934990Z  INFO scan_sources: tailwindcss_oxide::scanner: Discovering "/root/dev/projects/realm.shalohm.co/components/realm/GatewayStatus.tsx"
2026-02-09T18:13:25.935005Z  INFO scan_sources: tailwindcss_oxide::scanner: Discovering "/root/dev/projects/realm.shalohm.co/components/realm/FloatingIsland.tsx"
2026-02-09T18:13:25.935020Z  INFO scan_sources: tailwindcss_oxide::scanner: Discovering "/root/dev/projects/realm.shalohm.co/components/realm/WorldPlane.tsx"
2026-02-09T18:13:25.935124Z  INFO scan_sources: tailwindcss_oxide::scanner: Discovering "/root/dev/projects/realm.shalohm.co/tsconfig.json"
2026-02-09T18:13:25.935141Z  INFO scan_sources: tailwindcss_oxide::scanner: Discovering "/root/dev/projects/realm.shalohm.co/middleware.ts"
2026-02-09T18:13:25.935159Z  INFO scan_sources: tailwindcss_oxide::scanner: Discovering "/root/dev/projects/realm.shalohm.co/types"
2026-02-09T18:13:25.935210Z  INFO scan_sources: tailwindcss_oxide::scanner: Discovering "/root/dev/projects/realm.shalohm.co/types/agent.ts"
2026-02-09T18:13:25.935261Z  INFO scan_sources: tailwindcss_oxide::scanner: Discovering "/root/dev/projects/realm.shalohm.co/package.json"
2026-02-09T18:13:25.935281Z  INFO scan_sources: tailwindcss_oxide::scanner: Discovering "/root/dev/projects/realm.shalohm.co/hooks"
2026-02-09T18:13:25.935336Z  INFO scan_sources: tailwindcss_oxide::scanner: Discovering "/root/dev/projects/realm.shalohm.co/.env.example"
2026-02-09T18:13:25.935374Z  INFO scan_sources: tailwindcss_oxide::scanner: exit
2026-02-09T18:13:25.935379Z  INFO extract_candidates: tailwindcss_oxide::scanner: enter
2026-02-09T18:13:25.935388Z  INFO extract_candidates:read_all_files: tailwindcss_oxide::scanner: enter
2026-02-09T18:13:25.935398Z  INFO extract_candidates:read_all_files: tailwindcss_oxide::scanner: Reading 53 file(s)
2026-02-09T18:13:25.935829Z  INFO tailwindcss_oxide::scanner: Reading "/root/dev/projects/realm.shalohm.co/SECURITY.md"
2026-02-09T18:13:25.935888Z  INFO tailwindcss_oxide::scanner: Reading "/root/dev/projects/realm.shalohm.co/app/api/agents/join/route.ts"
2026-02-09T18:13:25.935919Z  INFO tailwindcss_oxide::scanner: Reading "/root/dev/projects/realm.shalohm.co/app/api/agent/webhook/route.ts"
2026-02-09T18:13:25.935942Z  INFO tailwindcss_oxide::scanner: Reading "/root/dev/projects/realm.shalohm.co/app/api/world/state/route.ts"
2026-02-09T18:13:25.935965Z  INFO tailwindcss_oxide::scanner: Reading "/root/dev/projects/realm.shalohm.co/app/world/page.tsx"
2026-02-09T18:13:25.935982Z  INFO tailwindcss_oxide::scanner: Reading "/root/dev/projects/realm.shalohm.co/app/layout.tsx"
2026-02-09T18:13:25.936008Z  INFO tailwindcss_oxide::scanner: Reading "/root/dev/projects/realm.shalohm.co/app/village/layout.tsx"
2026-02-09T18:13:25.936026Z  INFO tailwindcss_oxide::scanner: Reading "/root/dev/projects/realm.shalohm.co/app/village/page.tsx"
2026-02-09T18:13:25.936043Z  INFO tailwindcss_oxide::scanner: Reading "/root/dev/projects/realm.shalohm.co/app/page.tsx"
2026-02-09T18:13:25.936057Z  INFO tailwindcss_oxide::scanner: Reading "/root/dev/projects/realm.shalohm.co/eslint.config.mjs"
2026-02-09T18:13:25.936071Z  INFO tailwindcss_oxide::scanner: Reading "/root/dev/projects/realm.shalohm.co/README.md"
2026-02-09T18:13:25.936101Z  INFO tailwindcss_oxide::scanner: Reading "/root/dev/projects/realm.shalohm.co/vercel.json"
2026-02-09T18:13:25.936118Z  INFO tailwindcss_oxide::scanner: Reading "/root/dev/projects/realm.shalohm.co/public/next.svg"
2026-02-09T18:13:25.936132Z  INFO tailwindcss_oxide::scanner: Reading "/root/dev/projects/realm.shalohm.co/public/globe.svg"
2026-02-09T18:13:25.936144Z  INFO tailwindcss_oxide::scanner: Reading "/root/dev/projects/realm.shalohm.co/public/vercel.svg"
2026-02-09T18:13:25.936156Z  INFO tailwindcss_oxide::scanner: Reading "/root/dev/projects/realm.shalohm.co/public/file.svg"
2026-02-09T18:13:25.936168Z  INFO tailwindcss_oxide::scanner: Reading "/root/dev/projects/realm.shalohm.co/public/window.svg"
2026-02-09T18:13:25.936181Z  INFO tailwindcss_oxide::scanner: Reading "/root/dev/projects/realm.shalohm.co/next.config.ts"
2026-02-09T18:13:25.936227Z  INFO tailwindcss_oxide::scanner: Reading "/root/dev/projects/realm.shalohm.co/postcss.config.mjs"
2026-02-09T18:13:25.936280Z  INFO tailwindcss_oxide::scanner: Reading "/root/dev/projects/realm.shalohm.co/lib/store/villageStore.ts"
2026-02-09T18:13:25.936314Z  INFO tailwindcss_oxide::scanner: Reading "/root/dev/projects/realm.shalohm.co/lib/world/store.ts"
2026-02-09T18:13:25.936341Z  INFO tailwindcss_oxide::scanner: Reading "/root/dev/projects/realm.shalohm.co/lib/village/agent-reporter-ext.ts"
2026-02-09T18:13:25.936357Z  INFO tailwindcss_oxide::scanner: Reading "/root/dev/projects/realm.shalohm.co/lib/village/pathfinding.ts"
2026-02-09T18:13:25.936370Z  INFO tailwindcss_oxide::scanner: Reading "/root/dev/projects/realm.shalohm.co/lib/village/social.ts"
2026-02-09T18:13:25.936383Z  INFO tailwindcss_oxide::scanner: Reading "/root/dev/projects/realm.shalohm.co/lib/village/index.ts"
2026-02-09T18:13:25.936387Z  INFO tailwindcss_oxide::scanner: Reading "/root/dev/projects/realm.shalohm.co/lib/security/rateLimit.ts"
2026-02-09T18:13:25.936397Z  INFO tailwindcss_oxide::scanner: Reading "/root/dev/projects/realm.shalohm.co/lib/village/buildings.ts"
2026-02-09T18:13:25.936408Z  INFO tailwindcss_oxide::scanner: Reading "/root/dev/projects/realm.shalohm.co/lib/security/auth.ts"
2026-02-09T18:13:25.936419Z  INFO tailwindcss_oxide::scanner: Reading "/root/dev/projects/realm.shalohm.co/lib/village/schedules.ts"
2026-02-09T18:13:25.936433Z  INFO tailwindcss_oxide::scanner: Reading "/root/dev/projects/realm.shalohm.co/lib/security/validation.ts"
2026-02-09T18:13:25.936446Z  INFO tailwindcss_oxide::scanner: Reading "/root/dev/projects/realm.shalohm.co/components/agents/KoboldAvatar.tsx"
2026-02-09T18:13:25.936451Z  INFO tailwindcss_oxide::scanner: Reading "/root/dev/projects/realm.shalohm.co/lib/admin/interventions.ts"
2026-02-09T18:13:25.936467Z  INFO tailwindcss_oxide::scanner: Reading "/root/dev/projects/realm.shalohm.co/components/agents/DragonAvatar.tsx"
2026-02-09T18:13:25.936468Z  INFO tailwindcss_oxide::scanner: Reading "/root/dev/projects/realm.shalohm.co/lib/admin/index.ts"
2026-02-09T18:13:25.936484Z  INFO tailwindcss_oxide::scanner: Reading "/root/dev/projects/realm.shalohm.co/components/ui/AdminPanel.tsx"
2026-02-09T18:13:25.936492Z  INFO tailwindcss_oxide::scanner: Reading "/root/dev/projects/realm.shalohm.co/components/village/Building3D.tsx"
2026-02-09T18:13:25.936503Z  INFO tailwindcss_oxide::scanner: Reading "/root/dev/projects/realm.shalohm.co/components/ui/ChatBubbles.tsx"
2026-02-09T18:13:25.936512Z  INFO tailwindcss_oxide::scanner: Reading "/root/dev/projects/realm.shalohm.co/components/village/index.ts"
2026-02-09T18:13:25.936515Z  INFO tailwindcss_oxide::scanner: Reading "/root/dev/projects/realm.shalohm.co/components/ui/index.ts"
2026-02-09T18:13:25.936535Z  INFO tailwindcss_oxide::scanner: Reading "/root/dev/projects/realm.shalohm.co/components/village/VillageWorld.tsx"
2026-02-09T18:13:25.936540Z  INFO tailwindcss_oxide::scanner: Reading "/root/dev/projects/realm.shalohm.co/components/ui/AgentModal.tsx"
2026-02-09T18:13:25.936570Z  INFO tailwindcss_oxide::scanner: Reading "/root/dev/projects/realm.shalohm.co/components/ui/WorldUI.tsx"
2026-02-09T18:13:25.936572Z  INFO tailwindcss_oxide::scanner: Reading "/root/dev/projects/realm.shalohm.co/components/realm/WorldCanvas.tsx"
2026-02-09T18:13:25.936590Z  INFO tailwindcss_oxide::scanner: Reading "/root/dev/projects/realm.shalohm.co/components/agents/VillageAgent.tsx"
2026-02-09T18:13:25.936595Z  INFO tailwindcss_oxide::scanner: Reading "/root/dev/projects/realm.shalohm.co/components/realm/GatewayStatus.tsx"
2026-02-09T18:13:25.936610Z  INFO tailwindcss_oxide::scanner: Reading "/root/dev/projects/realm.shalohm.co/components/realm/FloatingIsland.tsx"
2026-02-09T18:13:25.936610Z  INFO tailwindcss_oxide::scanner: Reading "/root/dev/projects/realm.shalohm.co/components/agents/SlimeBlob.tsx"
2026-02-09T18:13:25.936623Z  INFO tailwindcss_oxide::scanner: Reading "/root/dev/projects/realm.shalohm.co/components/realm/WorldPlane.tsx"
2026-02-09T18:13:25.936626Z  INFO tailwindcss_oxide::scanner: Reading "/root/dev/projects/realm.shalohm.co/middleware.ts"
2026-02-09T18:13:25.936636Z  INFO tailwindcss_oxide::scanner: Reading "/root/dev/projects/realm.shalohm.co/tsconfig.json"
2026-02-09T18:13:25.936640Z  INFO tailwindcss_oxide::scanner: Reading "/root/dev/projects/realm.shalohm.co/types/agent.ts"
2026-02-09T18:13:25.936651Z  INFO tailwindcss_oxide::scanner: Reading "/root/dev/projects/realm.shalohm.co/package.json"
2026-02-09T18:13:25.936653Z  INFO tailwindcss_oxide::scanner: Reading "/root/dev/projects/realm.shalohm.co/.env.example"
2026-02-09T18:13:25.936986Z  INFO extract_candidates:read_all_files: tailwindcss_oxide::scanner: exit
2026-02-09T18:13:25.936996Z  INFO extract_candidates:parse_all_blobs: tailwindcss_oxide::scanner: enter
2026-02-09T18:13:25.937000Z  INFO extract_candidates:parse_all_blobs:extract: tailwindcss_oxide::scanner: enter
2026-02-09T18:13:25.945907Z  INFO extract_candidates:parse_all_blobs:extract: tailwindcss_oxide::scanner: exit
2026-02-09T18:13:25.945970Z  INFO extract_candidates:parse_all_blobs: tailwindcss_oxide::scanner: exit
2026-02-09T18:13:25.945979Z  INFO extract_candidates:read_all_files: tailwindcss_oxide::scanner: enter
2026-02-09T18:13:25.945984Z  INFO extract_candidates:read_all_files: tailwindcss_oxide::scanner: Reading 1 file(s)
2026-02-09T18:13:25.946038Z  INFO extract_candidates:read_all_files: tailwindcss_oxide::scanner: Reading "/root/dev/projects/realm.shalohm.co/app/globals.css"
2026-02-09T18:13:25.946048Z  INFO extract_candidates:read_all_files: tailwindcss_oxide::scanner: exit
2026-02-09T18:13:25.946054Z  INFO extract_candidates:extract_css_variables: tailwindcss_oxide::scanner: enter
2026-02-09T18:13:25.946073Z  INFO extract_candidates:extract_css_variables:extract: tailwindcss_oxide::scanner: enter
2026-02-09T18:13:25.946139Z  INFO extract_candidates:extract_css_variables:extract: tailwindcss_oxide::scanner: exit
2026-02-09T18:13:25.946144Z  INFO extract_candidates:extract_css_variables: tailwindcss_oxide::scanner: exit
2026-02-09T18:13:25.946560Z  INFO extract_candidates: tailwindcss_oxide::scanner: exit
2026-02-09T18:13:25.947628Z  INFO get_files: tailwindcss_oxide::scanner: enter
2026-02-09T18:13:25.947645Z  INFO get_files:scan_sources: tailwindcss_oxide::scanner: enter
2026-02-09T18:13:25.948297Z  INFO get_files:scan_sources: tailwindcss_oxide::scanner: Discovering "/root/dev/projects/realm.shalohm.co/app"
2026-02-09T18:13:25.948379Z  INFO get_files:scan_sources: tailwindcss_oxide::scanner: Discovering "/root/dev/projects/realm.shalohm.co/app/api"
2026-02-09T18:13:25.948436Z  INFO get_files:scan_sources: tailwindcss_oxide::scanner: Discovering "/root/dev/projects/realm.shalohm.co/app/api/agents"
2026-02-09T18:13:25.948515Z  INFO get_files:scan_sources: tailwindcss_oxide::scanner: Discovering "/root/dev/projects/realm.shalohm.co/app/api/agents/join"
2026-02-09T18:13:25.948584Z  INFO get_files:scan_sources: tailwindcss_oxide::scanner: Discovering "/root/dev/projects/realm.shalohm.co/app/api/agent"
2026-02-09T18:13:25.948626Z  INFO get_files:scan_sources: tailwindcss_oxide::scanner: Discovering "/root/dev/projects/realm.shalohm.co/app/api/agent/webhook"
2026-02-09T18:13:25.948684Z  INFO get_files:scan_sources: tailwindcss_oxide::scanner: Discovering "/root/dev/projects/realm.shalohm.co/app/api/world"
2026-02-09T18:13:25.948724Z  INFO get_files:scan_sources: tailwindcss_oxide::scanner: Discovering "/root/dev/projects/realm.shalohm.co/app/api/world/state"
2026-02-09T18:13:25.948782Z  INFO get_files:scan_sources: tailwindcss_oxide::scanner: Discovering "/root/dev/projects/realm.shalohm.co/app/world"
2026-02-09T18:13:25.948847Z  INFO get_files:scan_sources: tailwindcss_oxide::scanner: Discovering "/root/dev/projects/realm.shalohm.co/app/village"
2026-02-09T18:13:25.948966Z  INFO get_files:scan_sources: tailwindcss_oxide::scanner: Discovering "/root/dev/projects/realm.shalohm.co/public"
2026-02-09T18:13:25.949077Z  INFO get_files:scan_sources: tailwindcss_oxide::scanner: Discovering "/root/dev/projects/realm.shalohm.co/lib"
2026-02-09T18:13:25.949132Z  INFO get_files:scan_sources: tailwindcss_oxide::scanner: Discovering "/root/dev/projects/realm.shalohm.co/lib/agents"
2026-02-09T18:13:25.949250Z  INFO get_files:scan_sources: tailwindcss_oxide::scanner: Discovering "/root/dev/projects/realm.shalohm.co/lib/store"
2026-02-09T18:13:25.949307Z  INFO get_files:scan_sources: tailwindcss_oxide::scanner: Discovering "/root/dev/projects/realm.shalohm.co/lib/world"
2026-02-09T18:13:25.949355Z  INFO get_files:scan_sources: tailwindcss_oxide::scanner: Discovering "/root/dev/projects/realm.shalohm.co/lib/village"
2026-02-09T18:13:25.949453Z  INFO get_files:scan_sources: tailwindcss_oxide::scanner: Discovering "/root/dev/projects/realm.shalohm.co/lib/security"
2026-02-09T18:13:25.949524Z  INFO get_files:scan_sources: tailwindcss_oxide::scanner: Discovering "/root/dev/projects/realm.shalohm.co/lib/admin"
2026-02-09T18:13:25.949596Z  INFO get_files:scan_sources: tailwindcss_oxide::scanner: Discovering "/root/dev/projects/realm.shalohm.co/components"
2026-02-09T18:13:25.949647Z  INFO get_files:scan_sources: tailwindcss_oxide::scanner: Discovering "/root/dev/projects/realm.shalohm.co/components/ui"
2026-02-09T18:13:25.949755Z  INFO get_files:scan_sources: tailwindcss_oxide::scanner: Discovering "/root/dev/projects/realm.shalohm.co/components/agents"
2026-02-09T18:13:25.949849Z  INFO get_files:scan_sources: tailwindcss_oxide::scanner: Discovering "/root/dev/projects/realm.shalohm.co/components/village"
2026-02-09T18:13:25.949920Z  INFO get_files:scan_sources: tailwindcss_oxide::scanner: Discovering "/root/dev/projects/realm.shalohm.co/components/realm"
2026-02-09T18:13:25.950111Z  INFO get_files:scan_sources: tailwindcss_oxide::scanner: Discovering "/root/dev/projects/realm.shalohm.co/types"
2026-02-09T18:13:25.950238Z  INFO get_files:scan_sources: tailwindcss_oxide::scanner: Discovering "/root/dev/projects/realm.shalohm.co/hooks"
2026-02-09T18:13:25.950345Z  INFO get_files:scan_sources: tailwindcss_oxide::scanner: exit
2026-02-09T18:13:25.950597Z  INFO get_files: tailwindcss_oxide::scanner: exit
2026-02-09T18:13:25.950969Z  INFO get_globs: tailwindcss_oxide::scanner: enter
2026-02-09T18:13:25.950977Z  INFO get_globs:scan_sources: tailwindcss_oxide::scanner: enter
2026-02-09T18:13:25.951502Z  INFO get_globs:scan_sources: tailwindcss_oxide::scanner: Discovering "/root/dev/projects/realm.shalohm.co/app"
2026-02-09T18:13:25.951570Z  INFO get_globs:scan_sources: tailwindcss_oxide::scanner: Discovering "/root/dev/projects/realm.shalohm.co/app/api"
2026-02-09T18:13:25.951612Z  INFO get_globs:scan_sources: tailwindcss_oxide::scanner: Discovering "/root/dev/projects/realm.shalohm.co/app/api/agents"
2026-02-09T18:13:25.951652Z  INFO get_globs:scan_sources: tailwindcss_oxide::scanner: Discovering "/root/dev/projects/realm.shalohm.co/app/api/agents/join"
2026-02-09T18:13:25.951711Z  INFO get_globs:scan_sources: tailwindcss_oxide::scanner: Discovering "/root/dev/projects/realm.shalohm.co/app/api/agent"
2026-02-09T18:13:25.951757Z  INFO get_globs:scan_sources: tailwindcss_oxide::scanner: Discovering "/root/dev/projects/realm.shalohm.co/app/api/agent/webhook"
2026-02-09T18:13:25.951816Z  INFO get_globs:scan_sources: tailwindcss_oxide::scanner: Discovering "/root/dev/projects/realm.shalohm.co/app/api/world"
2026-02-09T18:13:25.951856Z  INFO get_globs:scan_sources: tailwindcss_oxide::scanner: Discovering "/root/dev/projects/realm.shalohm.co/app/api/world/state"
2026-02-09T18:13:25.951911Z  INFO get_globs:scan_sources: tailwindcss_oxide::scanner: Discovering "/root/dev/projects/realm.shalohm.co/app/world"
2026-02-09T18:13:25.951975Z  INFO get_globs:scan_sources: tailwindcss_oxide::scanner: Discovering "/root/dev/projects/realm.shalohm.co/app/village"
2026-02-09T18:13:25.952090Z  INFO get_globs:scan_sources: tailwindcss_oxide::scanner: Discovering "/root/dev/projects/realm.shalohm.co/public"
2026-02-09T18:13:25.952209Z  INFO get_globs:scan_sources: tailwindcss_oxide::scanner: Discovering "/root/dev/projects/realm.shalohm.co/lib"
2026-02-09T18:13:25.952256Z  INFO get_globs:scan_sources: tailwindcss_oxide::scanner: Discovering "/root/dev/projects/realm.shalohm.co/lib/agents"
2026-02-09T18:13:25.952295Z  INFO get_globs:scan_sources: tailwindcss_oxide::scanner: Discovering "/root/dev/projects/realm.shalohm.co/lib/store"
2026-02-09T18:13:25.952343Z  INFO get_globs:scan_sources: tailwindcss_oxide::scanner: Discovering "/root/dev/projects/realm.shalohm.co/lib/world"
2026-02-09T18:13:25.952391Z  INFO get_globs:scan_sources: tailwindcss_oxide::scanner: Discovering "/root/dev/projects/realm.shalohm.co/lib/village"
2026-02-09T18:13:25.952487Z  INFO get_globs:scan_sources: tailwindcss_oxide::scanner: Discovering "/root/dev/projects/realm.shalohm.co/lib/security"
2026-02-09T18:13:25.952568Z  INFO get_globs:scan_sources: tailwindcss_oxide::scanner: Discovering "/root/dev/projects/realm.shalohm.co/lib/admin"
2026-02-09T18:13:25.952647Z  INFO get_globs:scan_sources: tailwindcss_oxide::scanner: Discovering "/root/dev/projects/realm.shalohm.co/components"
2026-02-09T18:13:25.952701Z  INFO get_globs:scan_sources: tailwindcss_oxide::scanner: Discovering "/root/dev/projects/realm.shalohm.co/components/ui"
2026-02-09T18:13:25.952796Z  INFO get_globs:scan_sources: tailwindcss_oxide::scanner: Discovering "/root/dev/projects/realm.shalohm.co/components/agents"
2026-02-09T18:13:25.952870Z  INFO get_globs:scan_sources: tailwindcss_oxide::scanner: Discovering "/root/dev/projects/realm.shalohm.co/components/village"
2026-02-09T18:13:25.952935Z  INFO get_globs:scan_sources: tailwindcss_oxide::scanner: Discovering "/root/dev/projects/realm.shalohm.co/components/realm"
2026-02-09T18:13:25.953110Z  INFO get_globs:scan_sources: tailwindcss_oxide::scanner: Discovering "/root/dev/projects/realm.shalohm.co/types"
2026-02-09T18:13:25.956133Z  INFO get_globs:scan_sources: tailwindcss_oxide::scanner: Discovering "/root/dev/projects/realm.shalohm.co/hooks"
2026-02-09T18:13:25.956654Z  INFO get_globs:scan_sources: tailwindcss_oxide::scanner: exit
2026-02-09T18:13:25.962343Z  INFO get_globs: tailwindcss_oxide::scanner: exit
